\BOOKMARK [0][-]{chapter.1}{TP 1}{}% 1
\BOOKMARK [1][-]{section.1.1}{R\351sum\351 du travail pratique 1}{chapter.1}% 2
\BOOKMARK [1][-]{section.1.2}{R\351ponses aux questions}{chapter.1}% 3
\BOOKMARK [2][-]{subsection.1.2.1}{Comment faut-il proc\351der pour g\351n\351rer le U-Boot ?}{section.1.2}% 4
\BOOKMARK [2][-]{subsection.1.2.2}{Comment peut-on ajouter et g\351n\351rer un package suppl\351mentaire dans le Buildroot ?}{section.1.2}% 5
\BOOKMARK [2][-]{subsection.1.2.3}{Comment doit-on proc\351der pour modifier la configuration du noyau Linux ?}{section.1.2}% 6
\BOOKMARK [2][-]{subsection.1.2.4}{Comment faut-il faire pour g\351n\351rer son propre rootfs ?}{section.1.2}% 7
\BOOKMARK [2][-]{subsection.1.2.5}{Comment faudrait-il proc\351der pour utiliser la carte eMMC en lieu et place de la carte SD ?}{section.1.2}% 8
\BOOKMARK [2][-]{subsection.1.2.6}{Dans le support de cours, on trouve diff\351rentes configurations de l\220environnement de d\351veloppement. Qu\220elle serait la configuration optimale pour le d\351veloppement uniquement d\220applications en espace utilisateur ?}{section.1.2}% 9
\BOOKMARK [1][-]{section.1.3}{Synth\350se des connaissances acquises}{chapter.1}% 10
\BOOKMARK [2][-]{subsection.1.3.1}{Non acquis}{section.1.3}% 11
\BOOKMARK [2][-]{subsection.1.3.2}{Acquis, mais \340 exercer}{section.1.3}% 12
\BOOKMARK [2][-]{subsection.1.3.3}{Parfaitement acquis}{section.1.3}% 13
\BOOKMARK [1][-]{section.1.4}{Infos utiles \340 retenir}{chapter.1}% 14
\BOOKMARK [1][-]{section.1.5}{Feedback global}{chapter.1}% 15
\BOOKMARK [2][-]{subsection.1.5.1}{Probl\350mes rencontr\351s}{section.1.5}% 16
\BOOKMARK [0][-]{chapter.2}{TP 2}{}% 17
\BOOKMARK [1][-]{section.2.1}{R\351sum\351 du laboratoire}{chapter.2}% 18
\BOOKMARK [1][-]{section.2.2}{R\351ponses aux questions}{chapter.2}% 19
\BOOKMARK [2][-]{subsection.2.2.1}{Trouvez la signification des 4 valeurs affich\351es lorsque l\220on tape la commande cat /proc/sys/kernel/printk}{section.2.2}% 20
\BOOKMARK [1][-]{section.2.3}{Synth\350se des connaissances acquises}{chapter.2}% 21
\BOOKMARK [2][-]{subsection.2.3.1}{Non acquis}{section.2.3}% 22
\BOOKMARK [2][-]{subsection.2.3.2}{Acquis, mais \340 exercer}{section.2.3}% 23
\BOOKMARK [2][-]{subsection.2.3.3}{Parfaitement acquis}{section.2.3}% 24
\BOOKMARK [1][-]{section.2.4}{Feedback exercices}{chapter.2}% 25
\BOOKMARK [2][-]{subsection.2.4.1}{Exercice 01}{section.2.4}% 26
\BOOKMARK [2][-]{subsection.2.4.2}{Exercice 02}{section.2.4}% 27
\BOOKMARK [2][-]{subsection.2.4.3}{Exercice 3}{section.2.4}% 28
\BOOKMARK [2][-]{subsection.2.4.4}{Exercice 4}{section.2.4}% 29
\BOOKMARK [2][-]{subsection.2.4.5}{Exercice 5}{section.2.4}% 30
\BOOKMARK [2][-]{subsection.2.4.6}{Exercice 6}{section.2.4}% 31
\BOOKMARK [2][-]{subsection.2.4.7}{Exercice 7}{section.2.4}% 32
\BOOKMARK [2][-]{subsection.2.4.8}{Exercice 8}{section.2.4}% 33
\BOOKMARK [0][-]{chapter.3}{TP 3}{}% 34
\BOOKMARK [1][-]{section.3.1}{R\351sum\351 du laboratoire}{chapter.3}% 35
\BOOKMARK [1][-]{section.3.2}{Synth\350se des connaissances acquises}{chapter.3}% 36
\BOOKMARK [2][-]{subsection.3.2.1}{Non acquis}{section.3.2}% 37
\BOOKMARK [2][-]{subsection.3.2.2}{Acquis, mais \340 exercer}{section.3.2}% 38
\BOOKMARK [2][-]{subsection.3.2.3}{Parfaitement acquis}{section.3.2}% 39
\BOOKMARK [1][-]{section.3.3}{Feedback}{chapter.3}% 40
\BOOKMARK [2][-]{subsection.3.3.1}{Exercice 01}{section.3.3}% 41
\BOOKMARK [2][-]{subsection.3.3.2}{Exercice 02}{section.3.3}% 42
\BOOKMARK [2][-]{subsection.3.3.3}{Exercice 03}{section.3.3}% 43
\BOOKMARK [2][-]{subsection.3.3.4}{Exercice 04}{section.3.3}% 44
\BOOKMARK [2][-]{subsection.3.3.5}{Exercice 05}{section.3.3}% 45
\BOOKMARK [2][-]{subsection.3.3.6}{Exercice 07}{section.3.3}% 46
